{"numFailedTestSuites":1,"numFailedTests":0,"numPassedTestSuites":0,"numPassedTests":0,"numPendingTestSuites":0,"numPendingTests":0,"numRuntimeErrorTestSuites":1,"numTodoTests":0,"numTotalTestSuites":1,"numTotalTests":0,"openHandles":[],"snapshot":{"added":0,"didUpdate":false,"failure":false,"filesAdded":0,"filesRemoved":0,"filesUnmatched":0,"filesUpdated":0,"matched":0,"total":0,"unchecked":0,"uncheckedKeysByFile":[],"unmatched":0,"updated":0},"startTime":1562668060761,"success":false,"testResults":[{"assertionResults":[],"coverage":{},"endTime":1562668066465,"message":"  \u001b[1m● \u001b[22mTest suite failed to run\n\n    TypeScript diagnostics (customize using `[jest-config].globals.ts-jest.diagnostics` option):\n    \u001b[96mstories/table-layout/table-layout.test.tsx\u001b[0m:\u001b[93m12\u001b[0m:\u001b[93m11\u001b[0m - \u001b[91merror\u001b[0m\u001b[90m TS6133: \u001b[0m'table' is declared but its value is never read.\n\n    \u001b[7m12\u001b[0m     const table = shallow(<TableLayoutHorizontal />)\n    \u001b[7m  \u001b[0m \u001b[91m          ~~~~~\u001b[0m\n","name":"D:\\project-demo\\react-efficiency\\stories\\table-layout\\table-layout.test.tsx","startTime":1562668066465,"status":"failed","summary":""}],"wasInterrupted":false,"coverageMap":{}}